This is pdfeTeX, Version 3.141592-1.21a-2.2 (Web2C 7.5.4) (format=pdflatex 2008.4.14)  11 JUN 2009 10:20
entering extended mode
**PReliability.tex
(./PReliability.tex
LaTeX2e <2003/12/01>
Babel <v3.8d> and hyphenation patterns for american, french, german, ngerman, b
ahasa, basque, bulgarian, catalan, croatian, czech, danish, dutch, esperanto, e
stonian, finnish, greek, icelandic, irish, italian, latin, magyar, norsk, polis
h, portuges, romanian, russian, serbian, slovak, slovene, spanish, swedish, tur
kish, ukrainian, nohyphenation, loaded.
(/usr/share/texmf-tetex/tex/latex/amscls/amsart.cls
Document Class: amsart 2004/08/06 v2.20
\linespacing=\dimen102
\normalparindent=\dimen103
\normaltopskip=\skip41
(/usr/share/texmf-tetex/tex/latex/amsmath/amsmath.sty
Package: amsmath 2000/07/18 v2.13 AMS math features
\@mathmargin=\skip42

For additional information on amsmath, use the `?' option.
(/usr/share/texmf-tetex/tex/latex/amsmath/amstext.sty
Package: amstext 2000/06/29 v2.01

(/usr/share/texmf-tetex/tex/latex/amsmath/amsgen.sty
File: amsgen.sty 1999/11/30 v2.0
\@emptytoks=\toks14
\ex@=\dimen104
))
(/usr/share/texmf-tetex/tex/latex/amsmath/amsbsy.sty
Package: amsbsy 1999/11/29 v1.2d
\pmbraise@=\dimen105
)
(/usr/share/texmf-tetex/tex/latex/amsmath/amsopn.sty
Package: amsopn 1999/12/14 v2.01 operator names
)
\inf@bad=\count79
LaTeX Info: Redefining \frac on input line 211.
\uproot@=\count80
\leftroot@=\count81
LaTeX Info: Redefining \overline on input line 307.
\classnum@=\count82
\DOTSCASE@=\count83
LaTeX Info: Redefining \ldots on input line 379.
LaTeX Info: Redefining \dots on input line 382.
LaTeX Info: Redefining \cdots on input line 467.
\Mathstrutbox@=\box26
\strutbox@=\box27
\big@size=\dimen106
LaTeX Font Info:    Redeclaring font encoding OML on input line 567.
LaTeX Font Info:    Redeclaring font encoding OMS on input line 568.
\macc@depth=\count84
\c@MaxMatrixCols=\count85
\dotsspace@=\muskip10
\c@parentequation=\count86
\dspbrk@lvl=\count87
\tag@help=\toks15
\row@=\count88
\column@=\count89
\maxfields@=\count90
\andhelp@=\toks16
\eqnshift@=\dimen107
\alignsep@=\dimen108
\tagshift@=\dimen109
\tagwidth@=\dimen110
\totwidth@=\dimen111
\lineht@=\dimen112
\@envbody=\toks17
\multlinegap=\skip43
\multlinetaggap=\skip44
\mathdisplay@stack=\toks18
LaTeX Info: Redefining \[ on input line 2666.
LaTeX Info: Redefining \] on input line 2667.
)
LaTeX Font Info:    Try loading font information for U+msa on input line 407.

(/usr/share/texmf-tetex/tex/latex/amsfonts/umsa.fd
File: umsa.fd 2002/01/19 v2.2g AMS font definitions
)
(/usr/share/texmf-tetex/tex/latex/amsfonts/amsfonts.sty
Package: amsfonts 2001/10/25 v2.2f
\symAMSa=\mathgroup4
\symAMSb=\mathgroup5
LaTeX Font Info:    Overwriting math alphabet `\mathfrak' in version `bold'
(Font)                  U/euf/m/n --> U/euf/b/n on input line 132.
)
\copyins=\insert233
\abstractbox=\box28
\listisep=\skip45
\c@part=\count91
\c@section=\count92
\c@subsection=\count93
\c@subsubsection=\count94
\c@paragraph=\count95
\c@subparagraph=\count96
\c@figure=\count97
\c@table=\count98
\abovecaptionskip=\skip46
\belowcaptionskip=\skip47
\captionindent=\dimen113
\thm@style=\toks19
\thm@bodyfont=\toks20
\thm@headfont=\toks21
\thm@notefont=\toks22
\thm@headpunct=\toks23
\thm@preskip=\skip48
\thm@postskip=\skip49
\thm@headsep=\skip50
\dth@everypar=\toks24
)
(/usr/share/texmf-tetex/tex/latex/amsfonts/amssymb.sty
Package: amssymb 2002/01/22 v2.2d
)
(/usr/share/texmf-tetex/tex/latex/amsfonts/eucal.sty
Package: eucal 2001/10/01 v2.2d Euler Script fonts
LaTeX Font Info:    Overwriting math alphabet `\EuScript' in version `bold'
(Font)                  U/eus/m/n --> U/eus/b/n on input line 55.
)
(/usr/share/texmf-tetex/tex/latex/graphics/graphicx.sty
Package: graphicx 1999/02/16 v1.0f Enhanced LaTeX Graphics (DPC,SPQR)

(/usr/share/texmf-tetex/tex/latex/graphics/keyval.sty
Package: keyval 1999/03/16 v1.13 key=value parser (DPC)
\KV@toks@=\toks25
)
(/usr/share/texmf-tetex/tex/latex/graphics/graphics.sty
Package: graphics 2001/07/07 v1.0n Standard LaTeX Graphics (DPC,SPQR)

(/usr/share/texmf-tetex/tex/latex/graphics/trig.sty
Package: trig 1999/03/16 v1.09 sin cos tan (DPC)
)
(/usr/share/texmf-tetex/tex/latex/graphics/graphics.cfg
File: graphics.cfg 2005/02/03 v1.3 graphics configuration of teTeX/TeXLive
)
Package graphics Info: Driver file: pdftex.def on input line 80.

(/usr/share/texmf-tetex/tex/latex/graphics/pdftex.def
File: pdftex.def 2002/06/19 v0.03k graphics/color for pdftex
\Gread@gobject=\count99
))
\Gin@req@height=\dimen114
\Gin@req@width=\dimen115
)
(/usr/share/texmf-tetex/tex/latex/graphics/color.sty
Package: color 1999/02/16 v1.0i Standard LaTeX Color (DPC)

(/usr/share/texmf-tetex/tex/latex/graphics/color.cfg
File: color.cfg 2005/02/03 v1.3 color configuration of teTeX/TeXLive
)
Package color Info: Driver file: pdftex.def on input line 125.
)
(/usr/share/texmf-tetex/tex/latex/hyperref/hyperref.sty
Package: hyperref 2003/11/30 v6.74m Hypertext links for LaTeX
\@linkdim=\dimen116
\Hy@linkcounter=\count100
\Hy@pagecounter=\count101

(/usr/share/texmf-tetex/tex/latex/hyperref/pd1enc.def
File: pd1enc.def 2003/11/30 v6.74m Hyperref: PDFDocEncoding definition (HO)
)
(/usr/share/texmf-tetex/tex/latex/hyperref/hyperref.cfg
File: hyperref.cfg 2002/06/06 v1.2 hyperref configuration of TeXLive and teTeX
)
Package hyperref Info: Hyper figures OFF on input line 1880.
Package hyperref Info: Link nesting OFF on input line 1885.
Package hyperref Info: Hyper index ON on input line 1888.
Package hyperref Info: Plain pages ON on input line 1893.
Package hyperref Info: Backreferencing OFF on input line 1900.

Implicit mode ON; LaTeX internals redefined
Package hyperref Info: Bookmarks ON on input line 2004.
(/usr/share/texmf-tetex/tex/latex/url/url.sty
\Urlmuskip=\muskip11
Package: url 2004/03/15  ver 3.1  Verb mode for urls, etc.
)
LaTeX Info: Redefining \url on input line 2143.
\Fld@menulength=\count102
\Field@Width=\dimen117
\Fld@charsize=\dimen118
\Choice@toks=\toks26
\Field@toks=\toks27
Package hyperref Info: Hyper figures OFF on input line 2618.
Package hyperref Info: Link nesting OFF on input line 2623.
Package hyperref Info: Hyper index ON on input line 2626.
Package hyperref Info: backreferencing OFF on input line 2633.
Package hyperref Info: Link coloring OFF on input line 2638.
\c@Item=\count103
\c@Hfootnote=\count104
)
*hyperref using driver hpdftex*
(/usr/share/texmf-tetex/tex/latex/hyperref/hpdftex.def
File: hpdftex.def 2003/11/30 v6.74m Hyperref driver for pdfTeX

(/usr/share/texmf-tetex/tex/latex/psnfss/pifont.sty
Package: pifont 2004/09/15 PSNFSS-v9.2 Pi font support (SPQR) 
LaTeX Font Info:    Try loading font information for U+pzd on input line 63.

(/usr/share/texmf-tetex/tex/latex/psnfss/upzd.fd
File: upzd.fd 2001/06/04 font definitions for U/pzd.
)
LaTeX Font Info:    Try loading font information for U+psy on input line 64.

(/usr/share/texmf-tetex/tex/latex/psnfss/upsy.fd
File: upsy.fd 2001/06/04 font definitions for U/psy.
))
\Fld@listcount=\count105
\@outlinefile=\write3
)
\c@lem=\count106
\c@exam=\count107
 (./PReliability.aux)
\openout1 = `PReliability.aux'.

LaTeX Font Info:    Checking defaults for OML/cmm/m/it on input line 103.
LaTeX Font Info:    ... okay on input line 103.
LaTeX Font Info:    Checking defaults for T1/cmr/m/n on input line 103.
LaTeX Font Info:    ... okay on input line 103.
LaTeX Font Info:    Checking defaults for OT1/cmr/m/n on input line 103.
LaTeX Font Info:    ... okay on input line 103.
LaTeX Font Info:    Checking defaults for OMS/cmsy/m/n on input line 103.
LaTeX Font Info:    ... okay on input line 103.
LaTeX Font Info:    Checking defaults for OMX/cmex/m/n on input line 103.
LaTeX Font Info:    ... okay on input line 103.
LaTeX Font Info:    Checking defaults for U/cmr/m/n on input line 103.
LaTeX Font Info:    ... okay on input line 103.
LaTeX Font Info:    Checking defaults for PD1/pdf/m/n on input line 103.
LaTeX Font Info:    ... okay on input line 103.
LaTeX Font Info:    Try loading font information for U+msa on input line 103.

(/usr/share/texmf-tetex/tex/latex/amsfonts/umsa.fd
File: umsa.fd 2002/01/19 v2.2g AMS font definitions
)
LaTeX Font Info:    Try loading font information for U+msb on input line 103.

(/usr/share/texmf-tetex/tex/latex/amsfonts/umsb.fd
File: umsb.fd 2002/01/19 v2.2g AMS font definitions
)
(/usr/share/texmf-tetex/tex/context/base/supp-pdf.tex
(/usr/share/texmf-tetex/tex/context/base/supp-mis.tex
loading : Context Support Macros / Miscellaneous (2004.10.26)
\protectiondepth=\count108
\scratchcounter=\count109
\scratchtoks=\toks28
\scratchdimen=\dimen119
\scratchskip=\skip51
\scratchmuskip=\muskip12
\scratchbox=\box29
\scratchread=\read1
\scratchwrite=\write4
\zeropoint=\dimen120
\onepoint=\dimen121
\onebasepoint=\dimen122
\minusone=\count110
\thousandpoint=\dimen123
\onerealpoint=\dimen124
\emptytoks=\toks29
\nextbox=\box30
\nextdepth=\dimen125
\everyline=\toks30
\!!counta=\count111
\!!countb=\count112
\recursecounter=\count113
)
loading : Context Support Macros / PDF (2004.03.26)
\nofMPsegments=\count114
\nofMParguments=\count115
\MPscratchCnt=\count116
\MPscratchDim=\dimen126
\MPnumerator=\count117
\everyMPtoPDFconversion=\toks31
)
Package hyperref Info: Link coloring OFF on input line 103.
 (/usr/share/texmf-tetex/tex/latex/hyperref/nameref.sty
Package: nameref 2003/12/03 v2.21 Cross-referencing by name of section
\c@section@level=\count118
)
LaTeX Info: Redefining \ref on input line 103.
LaTeX Info: Redefining \pageref on input line 103.
 (./PReliability.out)
(./PReliability.out)
\openout3 = `PReliability.out'.

 [1{/var/lib/texmf/fonts/map/pdftex/updmap/pdftex.map}]
[2] (./p0q0b.pdf_t <p0q0b.pdf, id=89, 19.07124pt x 12.045pt>
File: p0q0b.pdf Graphic file (type pdf)
 <use p0q0b.pdf>)
(./p0q1b.pdf_t <p0q1b.pdf, id=90, 15.05624pt x 14.0525pt>
File: p0q1b.pdf Graphic file (type pdf)
 <use p0q1b.pdf>)
(./p1q0b.pdf_t <p1q0b.pdf, id=91, 14.0525pt x 14.0525pt>
File: p1q0b.pdf Graphic file (type pdf)
 <use p1q0b.pdf>)
(./pqeggb.pdf_t <pqeggb.pdf, id=92, 15.05624pt x 15.05624pt>
File: pqeggb.pdf Graphic file (type pdf)
 <use pqeggb.pdf>)
(./p1q1b.pdf_t <p1q1b.pdf, id=93, 11.04124pt x 13.04875pt>
File: p1q1b.pdf Graphic file (type pdf)
 <use p1q1b.pdf>)
LaTeX Font Info:    Try loading font information for U+eus on input line 382.

(/usr/share/texmf-tetex/tex/latex/amsfonts/ueus.fd
File: ueus.fd 2002/01/19 v2.2g AMS font definitions
) [3 <./p0q0b.pdf> <./p0q1b.pdf> <./p1q0b.pdf> <./pqeggb.pdf> <./p1q1b.pdf>] [4
] [5] (./PReliability.aux) ) 
Here is how much of TeX's memory you used:
 4092 strings out of 94500
 51275 string characters out of 1175788
 106389 words of memory out of 1000000
 7019 multiletter control sequences out of 10000+50000
 13352 words of font info for 52 fonts, out of 500000 for 2000
 741 hyphenation exceptions out of 8191
 34i,11n,39p,249b,249s stack positions out of 1500i,500n,5000p,200000b,5000s
PDF statistics:
 133 PDF objects out of 300000
 21 named destinations out of 131072
 90 words of extra memory for PDF output out of 65536
</usr/share/texmf-tetex/fonts/type1/bluesky/cm/cmtt
10.pfb></usr/share/texmf-tetex/fonts/type1/bluesky/cm/cmmi6.pfb></usr/share/tex
mf-tetex/fonts/type1/bluesky/euler/eusm7.pfb></usr/share/texmf-tetex/fonts/type
1/bluesky/cm/cmr8.pfb></usr/share/texmf-tetex/fonts/type1/bluesky/cm/cmr9.pfb><
/usr/share/texmf-tetex/fonts/type1/bluesky/cm/cmti10.pfb></usr/share/texmf-tete
x/fonts/type1/bluesky/cm/cmsy8.pfb></usr/share/texmf-tetex/fonts/type1/bluesky/
cm/cmmi8.pfb></usr/share/texmf-tetex/fonts/type1/bluesky/cm/cmti12.pfb></usr/sh
are/texmf-tetex/fonts/type1/bluesky/cm/cmex10.pfb></usr/share/texmf-tetex/fonts
/type1/bluesky/cm/cmsy10.pfb></usr/share/texmf-tetex/fonts/type1/bluesky/cm/cmm
i12.pfb></usr/share/texmf-tetex/fonts/type1/bluesky/cm/cmr12.pfb></usr/share/te
xmf-tetex/fonts/type1/bluesky/cm/cmcsc10.pfb></usr/share/texmf-tetex/fonts/type
1/bluesky/cm/cmr10.pfb></usr/share/texmf-tetex/fonts/type1/bluesky/cm/cmbx12.pf
b>
Output written on PReliability.pdf (5 pages, 141614 bytes).
