This is pdfeTeX, Version 3.141592-1.21a-2.2 (Web2C 7.5.4) (format=pdflatex 2008.4.14)  5 JAN 2009 00:37
entering extended mode
**ParamTutte.tex
(./ParamTutte.tex
LaTeX2e <2003/12/01>
Babel <v3.8d> and hyphenation patterns for american, french, german, ngerman, b
ahasa, basque, bulgarian, catalan, croatian, czech, danish, dutch, esperanto, e
stonian, finnish, greek, icelandic, irish, italian, latin, magyar, norsk, polis
h, portuges, romanian, russian, serbian, slovak, slovene, spanish, swedish, tur
kish, ukrainian, nohyphenation, loaded.
(/usr/share/texmf-tetex/tex/latex/amscls/amsart.cls
Document Class: amsart 2004/08/06 v2.20
\linespacing=\dimen102
\normalparindent=\dimen103
\normaltopskip=\skip41
(/usr/share/texmf-tetex/tex/latex/amsmath/amsmath.sty
Package: amsmath 2000/07/18 v2.13 AMS math features
\@mathmargin=\skip42

For additional information on amsmath, use the `?' option.
(/usr/share/texmf-tetex/tex/latex/amsmath/amstext.sty
Package: amstext 2000/06/29 v2.01

(/usr/share/texmf-tetex/tex/latex/amsmath/amsgen.sty
File: amsgen.sty 1999/11/30 v2.0
\@emptytoks=\toks14
\ex@=\dimen104
))
(/usr/share/texmf-tetex/tex/latex/amsmath/amsbsy.sty
Package: amsbsy 1999/11/29 v1.2d
\pmbraise@=\dimen105
)
(/usr/share/texmf-tetex/tex/latex/amsmath/amsopn.sty
Package: amsopn 1999/12/14 v2.01 operator names
)
\inf@bad=\count79
LaTeX Info: Redefining \frac on input line 211.
\uproot@=\count80
\leftroot@=\count81
LaTeX Info: Redefining \overline on input line 307.
\classnum@=\count82
\DOTSCASE@=\count83
LaTeX Info: Redefining \ldots on input line 379.
LaTeX Info: Redefining \dots on input line 382.
LaTeX Info: Redefining \cdots on input line 467.
\Mathstrutbox@=\box26
\strutbox@=\box27
\big@size=\dimen106
LaTeX Font Info:    Redeclaring font encoding OML on input line 567.
LaTeX Font Info:    Redeclaring font encoding OMS on input line 568.
\macc@depth=\count84
\c@MaxMatrixCols=\count85
\dotsspace@=\muskip10
\c@parentequation=\count86
\dspbrk@lvl=\count87
\tag@help=\toks15
\row@=\count88
\column@=\count89
\maxfields@=\count90
\andhelp@=\toks16
\eqnshift@=\dimen107
\alignsep@=\dimen108
\tagshift@=\dimen109
\tagwidth@=\dimen110
\totwidth@=\dimen111
\lineht@=\dimen112
\@envbody=\toks17
\multlinegap=\skip43
\multlinetaggap=\skip44
\mathdisplay@stack=\toks18
LaTeX Info: Redefining \[ on input line 2666.
LaTeX Info: Redefining \] on input line 2667.
)
LaTeX Font Info:    Try loading font information for U+msa on input line 407.

(/usr/share/texmf-tetex/tex/latex/amsfonts/umsa.fd
File: umsa.fd 2002/01/19 v2.2g AMS font definitions
)
(/usr/share/texmf-tetex/tex/latex/amsfonts/amsfonts.sty
Package: amsfonts 2001/10/25 v2.2f
\symAMSa=\mathgroup4
\symAMSb=\mathgroup5
LaTeX Font Info:    Overwriting math alphabet `\mathfrak' in version `bold'
(Font)                  U/euf/m/n --> U/euf/b/n on input line 132.
)
\copyins=\insert233
\abstractbox=\box28
\listisep=\skip45
\c@part=\count91
\c@section=\count92
\c@subsection=\count93
\c@subsubsection=\count94
\c@paragraph=\count95
\c@subparagraph=\count96
\c@figure=\count97
\c@table=\count98
\abovecaptionskip=\skip46
\belowcaptionskip=\skip47
\captionindent=\dimen113
\thm@style=\toks19
\thm@bodyfont=\toks20
\thm@headfont=\toks21
\thm@notefont=\toks22
\thm@headpunct=\toks23
\thm@preskip=\skip48
\thm@postskip=\skip49
\thm@headsep=\skip50
\dth@everypar=\toks24
)
(/usr/share/texmf-tetex/tex/latex/amsfonts/amssymb.sty
Package: amssymb 2002/01/22 v2.2d
)
(/usr/share/texmf-tetex/tex/latex/amsfonts/eucal.sty
Package: eucal 2001/10/01 v2.2d Euler Script fonts
LaTeX Font Info:    Overwriting math alphabet `\EuScript' in version `bold'
(Font)                  U/eus/m/n --> U/eus/b/n on input line 55.
)
(/usr/share/texmf-tetex/tex/latex/graphics/graphicx.sty
Package: graphicx 1999/02/16 v1.0f Enhanced LaTeX Graphics (DPC,SPQR)

(/usr/share/texmf-tetex/tex/latex/graphics/keyval.sty
Package: keyval 1999/03/16 v1.13 key=value parser (DPC)
\KV@toks@=\toks25
)
(/usr/share/texmf-tetex/tex/latex/graphics/graphics.sty
Package: graphics 2001/07/07 v1.0n Standard LaTeX Graphics (DPC,SPQR)

(/usr/share/texmf-tetex/tex/latex/graphics/trig.sty
Package: trig 1999/03/16 v1.09 sin cos tan (DPC)
)
(/usr/share/texmf-tetex/tex/latex/graphics/graphics.cfg
File: graphics.cfg 2005/02/03 v1.3 graphics configuration of teTeX/TeXLive
)
Package graphics Info: Driver file: pdftex.def on input line 80.

(/usr/share/texmf-tetex/tex/latex/graphics/pdftex.def
File: pdftex.def 2002/06/19 v0.03k graphics/color for pdftex
\Gread@gobject=\count99
))
\Gin@req@height=\dimen114
\Gin@req@width=\dimen115
)
(/usr/share/texmf-tetex/tex/latex/graphics/color.sty
Package: color 1999/02/16 v1.0i Standard LaTeX Color (DPC)

(/usr/share/texmf-tetex/tex/latex/graphics/color.cfg
File: color.cfg 2005/02/03 v1.3 color configuration of teTeX/TeXLive
)
Package color Info: Driver file: pdftex.def on input line 125.
)
\c@lem=\count100
\c@exam=\count101
 (./ParamTutte.aux)
\openout1 = `ParamTutte.aux'.

LaTeX Font Info:    Checking defaults for OML/cmm/m/it on input line 84.
LaTeX Font Info:    ... okay on input line 84.
LaTeX Font Info:    Checking defaults for T1/cmr/m/n on input line 84.
LaTeX Font Info:    ... okay on input line 84.
LaTeX Font Info:    Checking defaults for OT1/cmr/m/n on input line 84.
LaTeX Font Info:    ... okay on input line 84.
LaTeX Font Info:    Checking defaults for OMS/cmsy/m/n on input line 84.
LaTeX Font Info:    ... okay on input line 84.
LaTeX Font Info:    Checking defaults for OMX/cmex/m/n on input line 84.
LaTeX Font Info:    ... okay on input line 84.
LaTeX Font Info:    Checking defaults for U/cmr/m/n on input line 84.
LaTeX Font Info:    ... okay on input line 84.
LaTeX Font Info:    Try loading font information for U+msa on input line 84.

(/usr/share/texmf-tetex/tex/latex/amsfonts/umsa.fd
File: umsa.fd 2002/01/19 v2.2g AMS font definitions
)
LaTeX Font Info:    Try loading font information for U+msb on input line 84.

(/usr/share/texmf-tetex/tex/latex/amsfonts/umsb.fd
File: umsb.fd 2002/01/19 v2.2g AMS font definitions
)
(/usr/share/texmf-tetex/tex/context/base/supp-pdf.tex
(/usr/share/texmf-tetex/tex/context/base/supp-mis.tex
loading : Context Support Macros / Miscellaneous (2004.10.26)
\protectiondepth=\count102
\scratchcounter=\count103
\scratchtoks=\toks26
\scratchdimen=\dimen116
\scratchskip=\skip51
\scratchmuskip=\muskip11
\scratchbox=\box29
\scratchread=\read1
\scratchwrite=\write3
\zeropoint=\dimen117
\onepoint=\dimen118
\onebasepoint=\dimen119
\minusone=\count104
\thousandpoint=\dimen120
\onerealpoint=\dimen121
\emptytoks=\toks27
\nextbox=\box30
\nextdepth=\dimen122
\everyline=\toks28
\!!counta=\count105
\!!countb=\count106
\recursecounter=\count107
)
loading : Context Support Macros / PDF (2004.03.26)
\nofMPsegments=\count108
\nofMParguments=\count109
\MPscratchCnt=\count110
\MPscratchDim=\dimen123
\MPnumerator=\count111
\everyMPtoPDFconversion=\toks29
) [1{/var/lib/texmf/fonts/map/pdftex/updmap/pdftex.map}]
LaTeX Font Info:    Try loading font information for U+eus on input line 280.

(/usr/share/texmf-tetex/tex/latex/amsfonts/ueus.fd
File: ueus.fd 2002/01/19 v2.2g AMS font definitions
) [2]

LaTeX Warning: Citation `Raleighs' on page 3 undefined on input line 401.

[3] [4] [5]
Underfull \vbox (badness 2197) has occurred while \output is active []

 [6]
Underfull \vbox (badness 10000) has occurred while \output is active []

 [7]
Underfull \vbox (badness 10000) has occurred while \output is active []

 [8]
[9]
Overfull \hbox (15.0pt too wide) in paragraph at lines 1094--1118
[]$[]$ $[]$ 
 []

[10] [11] [12] [13] [14] [15] [16] [17] (./c4p2Two.pdf_t
<c4p2Two.pdf, id=124, 338.26375pt x 216.81pt>
File: c4p2Two.pdf Graphic file (type pdf)
 <use c4p2Two.pdf>) [18] [19 <./c4p2Two.pdf>] [20] [21] [22] [23] [24] [25] [26
] [27] (./ParamTutte.bbl
Underfull \hbox (badness 4479) in paragraph at lines 65--70
[]\OT1/cmr/m/n/10 J. A. Ellis-Monaghan and C. Merino. \OT1/cmr/m/it/10 Struc-tu
ral Anal-y-sis of Com-plex Net-works\OT1/cmr/m/n/10 , chap-ter
 []

[28]) [29] (./ParamTutte.aux)

LaTeX Warning: There were undefined references.

 ) 
Here is how much of TeX's memory you used:
 2482 strings out of 94500
 28355 string characters out of 1175788
 82950 words of memory out of 1000000
 5470 multiletter control sequences out of 10000+50000
 14322 words of font info for 56 fonts, out of 500000 for 2000
 741 hyphenation exceptions out of 8191
 34i,11n,32p,291b,346s stack positions out of 1500i,500n,5000p,200000b,5000s
PDF statistics:
 168 PDF objects out of 300000
 0 named destinations out of 131072
 6 words of extra memory for PDF output out of 65536
</usr/share/texmf-tetex/fonts/type1/bluesky/cm/cmtt10.pfb></usr/share/texmf-t
etex/fonts/type1/bluesky/cm/cmbxti10.pfb></usr/share/texmf-tetex/fonts/type1/bl
uesky/euler/eusm7.pfb></usr/share/texmf-tetex/fonts/type1/bluesky/cm/cmsy6.pfb>
</usr/share/texmf-tetex/fonts/type1/bluesky/symbols/msam10.pfb></usr/share/texm
f-tetex/fonts/type1/bluesky/symbols/msbm10.pfb></usr/share/texmf-tetex/fonts/ty
pe1/bluesky/cm/cmr6.pfb></usr/share/texmf-tetex/fonts/type1/bluesky/cm/cmmi6.pf
b></usr/share/texmf-tetex/fonts/type1/bluesky/cm/cmex10.pfb></usr/share/texmf-t
etex/fonts/type1/bluesky/euler/eusm10.pfb></usr/share/texmf-tetex/fonts/type1/b
luesky/cm/cmti12.pfb></usr/share/texmf-tetex/fonts/type1/bluesky/cm/cmmi8.pfb><
/usr/share/texmf-tetex/fonts/type1/bluesky/cm/cmr9.pfb></usr/share/texmf-tetex/
fonts/type1/bluesky/cm/cmti10.pfb></usr/share/texmf-tetex/fonts/type1/bluesky/c
m/cmsy8.pfb></usr/share/texmf-tetex/fonts/type1/bluesky/cm/cmr8.pfb></usr/share
/texmf-tetex/fonts/type1/bluesky/cm/cmmi12.pfb></usr/share/texmf-tetex/fonts/ty
pe1/bluesky/cm/cmr12.pfb></usr/share/texmf-tetex/fonts/type1/bluesky/cm/cmsy10.
pfb></usr/share/texmf-tetex/fonts/type1/bluesky/cm/cmmi7.pfb></usr/share/texmf-
tetex/fonts/type1/bluesky/cm/cmmi10.pfb></usr/share/texmf-tetex/fonts/type1/blu
esky/cm/cmcsc10.pfb></usr/share/texmf-tetex/fonts/type1/bluesky/cm/cmr10.pfb></
usr/share/texmf-tetex/fonts/type1/bluesky/cm/cmbx12.pfb>
Output written on ParamTutte.pdf (29 pages, 322801 bytes).
