\BOOKMARK [1][-]{section.1}{1. Introduction}{}
\BOOKMARK [2][-]{subsection.1.1}{1.1. Ports}{section.1}
\BOOKMARK [2][-]{subsection.1.2}{1.2. Complications from Parametrization}{section.1}
\BOOKMARK [1][-]{section.2}{2. Preliminaries}{}
\BOOKMARK [0][-]{part.1}{Part 1. Ported Tutte Functions of Matroids}{}
\BOOKMARK [1][-]{section.3}{3. Matroid Tutte Function Characterization}{part.1}
\BOOKMARK [2][-]{subsection.3.1}{3.1. Remarks}{section.3}
\BOOKMARK [2][-]{subsection.3.2}{3.2. Proof}{section.3}
\BOOKMARK [2][-]{subsection.3.3}{3.3. Universal Tutte Polynomial}{section.3}
\BOOKMARK [1][-]{section.4}{4. Tutte Computation Trees and Activities}{part.1}
\BOOKMARK [2][-]{subsection.4.1}{4.1. Computation Tree Expansion}{section.4}
\BOOKMARK [2][-]{subsection.4.2}{4.2. Expansions of Normal Tutte Functions}{section.4}
\BOOKMARK [0][-]{part.2}{Part 2. Objects, Graphs and Sums}{}
\BOOKMARK [1][-]{section.5}{5. Objects with Matroids or Oriented Matroids}{part.2}
\BOOKMARK [1][-]{section.6}{6. Direct and Other Sums}{part.2}
\BOOKMARK [2][-]{subsection.6.1}{6.1. Strong Tutte Functions}{section.6}
\BOOKMARK [2][-]{subsection.6.2}{6.2. Multiplicative Tutte Functions}{section.6}
\BOOKMARK [0][-]{part.3}{Part 3. Remarks, Background, Problems, and References}{}
\BOOKMARK [1][-]{section.7}{7. Non-commutativity}{part.3}
\BOOKMARK [1][-]{section.8}{8. Background and Other Related Work}{part.3}
\BOOKMARK [2][-]{subsection.8.1}{8.1. Questions}{section.8}
\BOOKMARK [1][-]{section.9}{9. Acknowledgements}{part.3}
\BOOKMARK [1][-]{section*.10}{References}{part.3}
\BOOKMARK [1][-]{section.A}{Appendix A. Proof of Proposition 25}{part.3}
