\BOOKMARK [1][-]{section.1}{Introduction}{}
\BOOKMARK [2][-]{subsection.1.1}{New}{section.1}
\BOOKMARK [2][-]{subsection.1.2}{Old}{section.1}
\BOOKMARK [2][-]{subsection.1.3}{Exterior Algebra}{section.1}
\BOOKMARK [2][-]{subsection.1.4}{New Tutte-Like Invariants}{section.1}
\BOOKMARK [2][-]{subsection.1.5}{Structure of Solutions}{section.1}
\BOOKMARK [2][-]{subsection.1.6}{Computational Complexity}{section.1}
\BOOKMARK [2][-]{subsection.1.7}{Additional Context}{section.1}
\BOOKMARK [1][-]{section.2}{Preliminaries}{}
\BOOKMARK [2][-]{subsection.2.1}{Exterior Algebra}{section.2}
\BOOKMARK [2][-]{subsection.2.2}{Extensors with Ground Set}{section.2}
\BOOKMARK [2][-]{subsection.2.3}{Ground Set Orientation and Duality}{section.2}
\BOOKMARK [2][-]{subsection.2.4}{Identities}{section.2}
\BOOKMARK [1][-]{section.3}{An Extensor Tutte Function}{}
\BOOKMARK [2][-]{subsection.3.1}{Main Result}{section.3}
\BOOKMARK [2][-]{subsection.3.2}{The New Proof}{section.3}
\BOOKMARK [3][-]{subsubsection.3.2.1}{Preliminaries}{subsection.3.2}
\BOOKMARK [2][-]{subsection.3.3}{Corollaries}{section.3}
\BOOKMARK [1][-]{section.4}{A Function of Extensor Pairs}{}
\BOOKMARK [2][-]{subsection.4.1}{Main Result}{section.4}
\BOOKMARK [1][-]{section.5}{Maxwell's Rule Generalized}{}
\BOOKMARK [2][-]{subsection.5.1}{Maxwell's Rule for the Poisson Problem}{section.5}
\BOOKMARK [2][-]{subsection.5.2}{Maxwell's Rule for the Dirichlet Problem}{section.5}
\BOOKMARK [2][-]{subsection.5.3}{Consequences of Symmetry}{section.5}
\BOOKMARK [1][-]{section.6}{Corank-Nullity Polynomials}{}
\BOOKMARK [1][-]{section.7}{Basis, Set and Flat Expansions}{}
\BOOKMARK [2][-]{subsection.7.1}{Boolean Interval Expansion}{section.7}
\BOOKMARK [2][-]{subsection.7.2}{Geometric Lattice Flat Expansion}{section.7}
\BOOKMARK [1][-]{section.8}{Electrical Networks}{}
\BOOKMARK [2][-]{subsection.8.1}{Discrete Laplacian}{section.8}
\BOOKMARK [2][-]{subsection.8.2}{Electrical Network Equations in terms of Edges}{section.8}
\BOOKMARK [2][-]{subsection.8.3}{Maxwell's Rules}{section.8}
\BOOKMARK [2][-]{subsection.8.4}{Deriving Maxwell's Rule}{section.8}
\BOOKMARK [2][-]{subsection.8.5}{Signed Contributions of Spanning Forests}{section.8}
\BOOKMARK [1][-]{section.9}{Additional Background and Directions}{}
\BOOKMARK [2][-]{subsection.9.1}{Ground Set Orientation}{section.9}
\BOOKMARK [2][-]{subsection.9.2}{Computational Complexity}{section.9}
\BOOKMARK [2][-]{subsection.9.3}{Other Directions}{section.9}
\BOOKMARK [1][-]{section.10}{Acknowledgments}{}
